memsize = 10, pgdiraddr = 0x102168000, pgtabcnt = 1, pgcnt = 1

MMU table
present	RW	user_supervisor	writethru	cache	accessed	dirty	pgsize	ignore	pgtableaddr
1		1	1				1			1		0			1		1		0		0x2169
present	RW	user_supervisor	writethru	cache	accessed	dirty	PAT	ignore	physaddr	virtaddr
1		1	1				1			0		0			0		0	1		0x2569		0x0
1		1	1				1			0		0			0		0	1		0x256a		0x1000
1		1	1				1			0		0			0		0	1		0x256b		0x2000
1		1	1				1			0		0			0		0	1		0x256c		0x3000
1		1	1				1			0		0			0		0	1		0x256d		0x4000
1		1	1				1			0		0			0		0	1		0x256e		0x5000
1		1	1				1			0		0			0		0	1		0x256f		0x6000
1		1	1				1			0		0			0		0	1		0x2570		0x7000
1		1	1				1			0		0			0		0	1		0x2571		0x8000
1		1	1				1			0		0			0		0	1		0x2572		0x9000
1		1	1				1			0		0			0		0	1		0x2573		0xa000
1		1	1				1			0		0			0		0	1		0x2574		0xb000
1		1	1				1			0		0			0		0	1		0x2575		0xc000
1		1	1				1			0		0			0		0	1		0x2576		0xd000
1		1	1				1			0		0			0		0	1		0x2577		0xe000
1		1	1				1			0		0			0		0	1		0x2578		0xf000
1		1	1				1			0		0			0		0	1		0x2579		0x10000
1		1	1				1			0		0			0		0	1		0x257a		0x11000
1		1	1				1			0		0			0		0	1		0x257b		0x12000
1		1	1				1			0		0			0		0	1		0x257c		0x13000
1		1	1				1			0		0			0		0	1		0x257d		0x14000
1		1	1				1			0		0			0		0	1		0x257e		0x15000
1		1	1				1			0		0			0		0	1		0x257f		0x16000
1		1	1				1			0		0			0		0	1		0x2580		0x17000
1		1	1				1			0		0			0		0	1		0x2581		0x18000
1		1	1				1			0		0			0		0	1		0x2582		0x19000
1		1	1				1			0		0			0		0	1		0x2583		0x1a000
1		1	1				1			0		0			0		0	1		0x2584		0x1b000
1		1	1				1			0		0			0		0	1		0x2585		0x1c000
1		1	1				1			0		0			0		0	1		0x2586		0x1d000
1		1	1				1			0		0			0		0	1		0x2587		0x1e000
1		1	1				1			0		0			0		0	1		0x2588		0x1f000
1		1	1				1			0		0			0		0	1		0x2589		0x20000
1		1	1				1			0		0			0		0	1		0x258a		0x21000
1		1	1				1			0		0			0		0	1		0x258b		0x22000
1		1	1				1			0		0			0		0	1		0x258c		0x23000
1		1	1				1			0		0			0		0	1		0x258d		0x24000
1		1	1				1			0		0			0		0	1		0x258e		0x25000
1		1	1				1			0		0			0		0	1		0x258f		0x26000
1		1	1				1			0		0			0		0	1		0x2590		0x27000
1		1	1				1			0		0			0		0	1		0x2591		0x28000
1		1	1				1			0		0			0		0	1		0x2592		0x29000
1		1	1				1			0		0			0		0	1		0x2593		0x2a000
1		1	1				1			0		0			0		0	1		0x2594		0x2b000
1		1	1				1			0		0			0		0	1		0x2595		0x2c000
1		1	1				1			0		0			0		0	1		0x2596		0x2d000
1		1	1				1			0		0			0		0	1		0x2597		0x2e000
1		1	1				1			0		0			0		0	1		0x2598		0x2f000
1		1	1				1			0		0			0		0	1		0x2599		0x30000
1		1	1				1			0		0			0		0	1		0x259a		0x31000
1		1	1				1			0		0			0		0	1		0x259b		0x32000
1		1	1				1			0		0			0		0	1		0x259c		0x33000
1		1	1				1			0		0			0		0	1		0x259d		0x34000
1		1	1				1			0		0			0		0	1		0x259e		0x35000
1		1	1				1			0		0			0		0	1		0x259f		0x36000
1		1	1				1			0		0			0		0	1		0x25a0		0x37000
1		1	1				1			0		0			0		0	1		0x25a1		0x38000
1		1	1				1			0		0			0		0	1		0x25a2		0x39000
1		1	1				1			0		0			0		0	1		0x25a3		0x3a000
1		1	1				1			0		0			0		0	1		0x25a4		0x3b000
1		1	1				1			0		0			0		0	1		0x25a5		0x3c000
1		1	1				1			0		0			0		0	1		0x25a6		0x3d000
1		1	1				1			0		0			0		0	1		0x25a7		0x3e000
1		1	1				1			0		0			0		0	1		0x25a8		0x3f000
1		1	1				1			0		0			0		0	1		0x25a9		0x40000
1		1	1				1			0		0			0		0	1		0x25aa		0x41000
1		1	1				1			0		0			0		0	1		0x25ab		0x42000
1		1	1				1			0		0			0		0	1		0x25ac		0x43000
1		1	1				1			0		0			0		0	1		0x25ad		0x44000
1		1	1				1			0		0			0		0	1		0x25ae		0x45000
1		1	1				1			0		0			0		0	1		0x25af		0x46000
1		1	1				1			0		0			0		0	1		0x25b0		0x47000
1		1	1				1			0		0			0		0	1		0x25b1		0x48000
1		1	1				1			0		0			0		0	1		0x25b2		0x49000
1		1	1				1			0		0			0		0	1		0x25b3		0x4a000
1		1	1				1			0		0			0		0	1		0x25b4		0x4b000
1		1	1				1			0		0			0		0	1		0x25b5		0x4c000
1		1	1				1			0		0			0		0	1		0x25b6		0x4d000
1		1	1				1			0		0			0		0	1		0x25b7		0x4e000
1		1	1				1			0		0			0		0	1		0x25b8		0x4f000
1		1	1				1			0		0			0		0	1		0x25b9		0x50000
1		1	1				1			0		0			0		0	1		0x25ba		0x51000
1		1	1				1			0		0			0		0	1		0x25bb		0x52000
1		1	1				1			0		0			0		0	1		0x25bc		0x53000
1		1	1				1			0		0			0		0	1		0x25bd		0x54000
1		1	1				1			0		0			0		0	1		0x25be		0x55000
1		1	1				1			0		0			0		0	1		0x25bf		0x56000
1		1	1				1			0		0			0		0	1		0x25c0		0x57000
1		1	1				1			0		0			0		0	1		0x25c1		0x58000
1		1	1				1			0		0			0		0	1		0x25c2		0x59000
1		1	1				1			0		0			0		0	1		0x25c3		0x5a000
1		1	1				1			0		0			0		0	1		0x25c4		0x5b000
1		1	1				1			0		0			0		0	1		0x25c5		0x5c000
1		1	1				1			0		0			0		0	1		0x25c6		0x5d000
1		1	1				1			0		0			0		0	1		0x25c7		0x5e000
1		1	1				1			0		0			0		0	1		0x25c8		0x5f000
1		1	1				1			0		0			0		0	1		0x25c9		0x60000
1		1	1				1			0		0			0		0	1		0x25ca		0x61000
1		1	1				1			0		0			0		0	1		0x25cb		0x62000
1		1	1				1			0		0			0		0	1		0x25cc		0x63000
1		1	1				1			0		0			0		0	1		0x25cd		0x64000
1		1	1				1			0		0			0		0	1		0x25ce		0x65000
1		1	1				1			0		0			0		0	1		0x25cf		0x66000
1		1	1				1			0		0			0		0	1		0x25d0		0x67000
1		1	1				1			0		0			0		0	1		0x25d1		0x68000
1		1	1				1			0		0			0		0	1		0x25d2		0x69000
1		1	1				1			0		0			0		0	1		0x25d3		0x6a000
1		1	1				1			0		0			0		0	1		0x25d4		0x6b000
1		1	1				1			0		0			0		0	1		0x25d5		0x6c000
1		1	1				1			0		0			0		0	1		0x25d6		0x6d000
1		1	1				1			0		0			0		0	1		0x25d7		0x6e000
1		1	1				1			0		0			0		0	1		0x25d8		0x6f000
1		1	1				1			0		0			0		0	1		0x25d9		0x70000
1		1	1				1			0		0			0		0	1		0x25da		0x71000
1		1	1				1			0		0			0		0	1		0x25db		0x72000
1		1	1				1			0		0			0		0	1		0x25dc		0x73000
1		1	1				1			0		0			0		0	1		0x25dd		0x74000
1		1	1				1			0		0			0		0	1		0x25de		0x75000
1		1	1				1			0		0			0		0	1		0x25df		0x76000
1		1	1				1			0		0			0		0	1		0x25e0		0x77000
1		1	1				1			0		0			0		0	1		0x25e1		0x78000
1		1	1				1			0		0			0		0	1		0x25e2		0x79000
1		1	1				1			0		0			0		0	1		0x25e3		0x7a000
1		1	1				1			0		0			0		0	1		0x25e4		0x7b000
1		1	1				1			0		0			0		0	1		0x25e5		0x7c000
1		1	1				1			0		0			0		0	1		0x25e6		0x7d000
1		1	1				1			0		0			0		0	1		0x25e7		0x7e000
1		1	1				1			0		0			0		0	1		0x25e8		0x7f000
1		1	1				1			0		0			0		0	1		0x25e9		0x80000
1		1	1				1			0		0			0		0	1		0x25ea		0x81000
1		1	1				1			0		0			0		0	1		0x25eb		0x82000
1		1	1				1			0		0			0		0	1		0x25ec		0x83000
1		1	1				1			0		0			0		0	1		0x25ed		0x84000
1		1	1				1			0		0			0		0	1		0x25ee		0x85000
1		1	1				1			0		0			0		0	1		0x25ef		0x86000
1		1	1				1			0		0			0		0	1		0x25f0		0x87000
1		1	1				1			0		0			0		0	1		0x25f1		0x88000
1		1	1				1			0		0			0		0	1		0x25f2		0x89000
1		1	1				1			0		0			0		0	1		0x25f3		0x8a000
1		1	1				1			0		0			0		0	1		0x25f4		0x8b000
1		1	1				1			0		0			0		0	1		0x25f5		0x8c000
1		1	1				1			0		0			0		0	1		0x25f6		0x8d000
1		1	1				1			0		0			0		0	1		0x25f7		0x8e000
1		1	1				1			0		0			0		0	1		0x25f8		0x8f000
1		1	1				1			0		0			0		0	1		0x25f9		0x90000
1		1	1				1			0		0			0		0	1		0x25fa		0x91000
1		1	1				1			0		0			0		0	1		0x25fb		0x92000
1		1	1				1			0		0			0		0	1		0x25fc		0x93000
1		1	1				1			0		0			0		0	1		0x25fd		0x94000
1		1	1				1			0		0			0		0	1		0x25fe		0x95000
1		1	1				1			0		0			0		0	1		0x25ff		0x96000
1		1	1				1			0		0			0		0	1		0x2600		0x97000
1		1	1				1			0		0			0		0	1		0x2601		0x98000
1		1	1				1			0		0			0		0	1		0x2602		0x99000
1		1	1				1			0		0			0		0	1		0x2603		0x9a000
1		1	1				1			0		0			0		0	1		0x2604		0x9b000
1		1	1				1			0		0			0		0	1		0x2605		0x9c000
1		1	1				1			0		0			0		0	1		0x2606		0x9d000
1		1	1				1			0		0			0		0	1		0x2607		0x9e000
1		1	1				1			0		0			0		0	1		0x2608		0x9f000
1		1	1				1			0		0			0		0	1		0x2609		0xa0000
1		1	1				1			0		0			0		0	1		0x260a		0xa1000
1		1	1				1			0		0			0		0	1		0x260b		0xa2000
1		1	1				1			0		0			0		0	1		0x260c		0xa3000
1		1	1				1			0		0			0		0	1		0x260d		0xa4000
1		1	1				1			0		0			0		0	1		0x260e		0xa5000
1		1	1				1			0		0			0		0	1		0x260f		0xa6000
1		1	1				1			0		0			0		0	1		0x2610		0xa7000
1		1	1				1			0		0			0		0	1		0x2611		0xa8000
1		1	1				1			0		0			0		0	1		0x2612		0xa9000
1		1	1				1			0		0			0		0	1		0x2613		0xaa000
1		1	1				1			0		0			0		0	1		0x2614		0xab000
1		1	1				1			0		0			0		0	1		0x2615		0xac000
1		1	1				1			0		0			0		0	1		0x2616		0xad000
1		1	1				1			0		0			0		0	1		0x2617		0xae000
1		1	1				1			0		0			0		0	1		0x2618		0xaf000
1		1	1				1			0		0			0		0	1		0x2619		0xb0000
1		1	1				1			0		0			0		0	1		0x261a		0xb1000
1		1	1				1			0		0			0		0	1		0x261b		0xb2000
1		1	1				1			0		0			0		0	1		0x261c		0xb3000
1		1	1				1			0		0			0		0	1		0x261d		0xb4000
1		1	1				1			0		0			0		0	1		0x261e		0xb5000
1		1	1				1			0		0			0		0	1		0x261f		0xb6000
1		1	1				1			0		0			0		0	1		0x2620		0xb7000
1		1	1				1			0		0			0		0	1		0x2621		0xb8000
1		1	1				1			0		0			0		0	1		0x2622		0xb9000
1		1	1				1			0		0			0		0	1		0x2623		0xba000
1		1	1				1			0		0			0		0	1		0x2624		0xbb000
1		1	1				1			0		0			0		0	1		0x2625		0xbc000
1		1	1				1			0		0			0		0	1		0x2626		0xbd000
1		1	1				1			0		0			0		0	1		0x2627		0xbe000
1		1	1				1			0		0			0		0	1		0x2628		0xbf000
1		1	1				1			0		0			0		0	1		0x2629		0xc0000
1		1	1				1			0		0			0		0	1		0x262a		0xc1000
1		1	1				1			0		0			0		0	1		0x262b		0xc2000
1		1	1				1			0		0			0		0	1		0x262c		0xc3000
1		1	1				1			0		0			0		0	1		0x262d		0xc4000
1		1	1				1			0		0			0		0	1		0x262e		0xc5000
1		1	1				1			0		0			0		0	1		0x262f		0xc6000
1		1	1				1			0		0			0		0	1		0x2630		0xc7000
1		1	1				1			0		0			0		0	1		0x2631		0xc8000
1		1	1				1			0		0			0		0	1		0x2632		0xc9000
1		1	1				1			0		0			0		0	1		0x2633		0xca000
1		1	1				1			0		0			0		0	1		0x2634		0xcb000
1		1	1				1			0		0			0		0	1		0x2635		0xcc000
1		1	1				1			0		0			0		0	1		0x2636		0xcd000
1		1	1				1			0		0			0		0	1		0x2637		0xce000
1		1	1				1			0		0			0		0	1		0x2638		0xcf000
1		1	1				1			0		0			0		0	1		0x2639		0xd0000
1		1	1				1			0		0			0		0	1		0x263a		0xd1000
1		1	1				1			0		0			0		0	1		0x263b		0xd2000
1		1	1				1			0		0			0		0	1		0x263c		0xd3000
1		1	1				1			0		0			0		0	1		0x263d		0xd4000
1		1	1				1			0		0			0		0	1		0x263e		0xd5000
1		1	1				1			0		0			0		0	1		0x263f		0xd6000
1		1	1				1			0		0			0		0	1		0x2640		0xd7000
1		1	1				1			0		0			0		0	1		0x2641		0xd8000
1		1	1				1			0		0			0		0	1		0x2642		0xd9000
1		1	1				1			0		0			0		0	1		0x2643		0xda000
1		1	1				1			0		0			0		0	1		0x2644		0xdb000
1		1	1				1			0		0			0		0	1		0x2645		0xdc000
1		1	1				1			0		0			0		0	1		0x2646		0xdd000
1		1	1				1			0		0			0		0	1		0x2647		0xde000
1		1	1				1			0		0			0		0	1		0x2648		0xdf000
1		1	1				1			0		0			0		0	1		0x2649		0xe0000
1		1	1				1			0		0			0		0	1		0x264a		0xe1000
1		1	1				1			0		0			0		0	1		0x264b		0xe2000
1		1	1				1			0		0			0		0	1		0x264c		0xe3000
1		1	1				1			0		0			0		0	1		0x264d		0xe4000
1		1	1				1			0		0			0		0	1		0x264e		0xe5000
1		1	1				1			0		0			0		0	1		0x264f		0xe6000
1		1	1				1			0		0			0		0	1		0x2650		0xe7000
1		1	1				1			0		0			0		0	1		0x2651		0xe8000
1		1	1				1			0		0			0		0	1		0x2652		0xe9000
1		1	1				1			0		0			0		0	1		0x2653		0xea000
1		1	1				1			0		0			0		0	1		0x2654		0xeb000
1		1	1				1			0		0			0		0	1		0x2655		0xec000
1		1	1				1			0		0			0		0	1		0x2656		0xed000
1		1	1				1			0		0			0		0	1		0x2657		0xee000
1		1	1				1			0		0			0		0	1		0x2658		0xef000
1		1	1				1			0		0			0		0	1		0x2659		0xf0000
1		1	1				1			0		0			0		0	1		0x265a		0xf1000
1		1	1				1			0		0			0		0	1		0x265b		0xf2000
1		1	1				1			0		0			0		0	1		0x265c		0xf3000
1		1	1				1			0		0			0		0	1		0x265d		0xf4000
1		1	1				1			0		0			0		0	1		0x265e		0xf5000
1		1	1				1			0		0			0		0	1		0x265f		0xf6000
1		1	1				1			0		0			0		0	1		0x2660		0xf7000
1		1	1				1			0		0			0		0	1		0x2661		0xf8000
1		1	1				1			0		0			0		0	1		0x2662		0xf9000
1		1	1				1			0		0			0		0	1		0x2663		0xfa000
1		1	1				1			0		0			0		0	1		0x2664		0xfb000
1		1	1				1			0		0			0		0	1		0x2665		0xfc000
1		1	1				1			0		0			0		0	1		0x2666		0xfd000
1		1	1				1			0		0			0		0	1		0x2667		0xfe000
1		1	1				1			0		0			0		0	1		0x2668		0xff000
1		1	1				1			0		0			0		0	1		0x2669		0x100000
1		1	1				1			0		0			0		0	1		0x266a		0x101000
1		1	1				1			0		0			0		0	1		0x266b		0x102000
1		1	1				1			0		0			0		0	1		0x266c		0x103000
1		1	1				1			0		0			0		0	1		0x266d		0x104000
1		1	1				1			0		0			0		0	1		0x266e		0x105000
1		1	1				1			0		0			0		0	1		0x266f		0x106000
1		1	1				1			0		0			0		0	1		0x2670		0x107000
1		1	1				1			0		0			0		0	1		0x2671		0x108000
1		1	1				1			0		0			0		0	1		0x2672		0x109000
1		1	1				1			0		0			0		0	1		0x2673		0x10a000
1		1	1				1			0		0			0		0	1		0x2674		0x10b000
1		1	1				1			0		0			0		0	1		0x2675		0x10c000
1		1	1				1			0		0			0		0	1		0x2676		0x10d000
1		1	1				1			0		0			0		0	1		0x2677		0x10e000
1		1	1				1			0		0			0		0	1		0x2678		0x10f000
1		1	1				1			0		0			0		0	1		0x2679		0x110000
1		1	1				1			0		0			0		0	1		0x267a		0x111000
1		1	1				1			0		0			0		0	1		0x267b		0x112000
1		1	1				1			0		0			0		0	1		0x267c		0x113000
1		1	1				1			0		0			0		0	1		0x267d		0x114000
1		1	1				1			0		0			0		0	1		0x267e		0x115000
1		1	1				1			0		0			0		0	1		0x267f		0x116000
1		1	1				1			0		0			0		0	1		0x2680		0x117000
1		1	1				1			0		0			0		0	1		0x2681		0x118000
1		1	1				1			0		0			0		0	1		0x2682		0x119000
1		1	1				1			0		0			0		0	1		0x2683		0x11a000
1		1	1				1			0		0			0		0	1		0x2684		0x11b000
1		1	1				1			0		0			0		0	1		0x2685		0x11c000
1		1	1				1			0		0			0		0	1		0x2686		0x11d000
1		1	1				1			0		0			0		0	1		0x2687		0x11e000
1		1	1				1			0		0			0		0	1		0x2688		0x11f000
1		1	1				1			0		0			0		0	1		0x2689		0x120000
1		1	1				1			0		0			0		0	1		0x268a		0x121000
1		1	1				1			0		0			0		0	1		0x268b		0x122000
1		1	1				1			0		0			0		0	1		0x268c		0x123000
1		1	1				1			0		0			0		0	1		0x268d		0x124000
1		1	1				1			0		0			0		0	1		0x268e		0x125000
1		1	1				1			0		0			0		0	1		0x268f		0x126000
1		1	1				1			0		0			0		0	1		0x2690		0x127000
1		1	1				1			0		0			0		0	1		0x2691		0x128000
1		1	1				1			0		0			0		0	1		0x2692		0x129000
1		1	1				1			0		0			0		0	1		0x2693		0x12a000
1		1	1				1			0		0			0		0	1		0x2694		0x12b000
1		1	1				1			0		0			0		0	1		0x2695		0x12c000
1		1	1				1			0		0			0		0	1		0x2696		0x12d000
1		1	1				1			0		0			0		0	1		0x2697		0x12e000
1		1	1				1			0		0			0		0	1		0x2698		0x12f000
1		1	1				1			0		0			0		0	1		0x2699		0x130000
1		1	1				1			0		0			0		0	1		0x269a		0x131000
1		1	1				1			0		0			0		0	1		0x269b		0x132000
1		1	1				1			0		0			0		0	1		0x269c		0x133000
1		1	1				1			0		0			0		0	1		0x269d		0x134000
1		1	1				1			0		0			0		0	1		0x269e		0x135000
1		1	1				1			0		0			0		0	1		0x269f		0x136000
1		1	1				1			0		0			0		0	1		0x26a0		0x137000
1		1	1				1			0		0			0		0	1		0x26a1		0x138000
1		1	1				1			0		0			0		0	1		0x26a2		0x139000
1		1	1				1			0		0			0		0	1		0x26a3		0x13a000
1		1	1				1			0		0			0		0	1		0x26a4		0x13b000
1		1	1				1			0		0			0		0	1		0x26a5		0x13c000
1		1	1				1			0		0			0		0	1		0x26a6		0x13d000
1		1	1				1			0		0			0		0	1		0x26a7		0x13e000
1		1	1				1			0		0			0		0	1		0x26a8		0x13f000
1		1	1				1			0		0			0		0	1		0x26a9		0x140000
1		1	1				1			0		0			0		0	1		0x26aa		0x141000
1		1	1				1			0		0			0		0	1		0x26ab		0x142000
1		1	1				1			0		0			0		0	1		0x26ac		0x143000
1		1	1				1			0		0			0		0	1		0x26ad		0x144000
1		1	1				1			0		0			0		0	1		0x26ae		0x145000
1		1	1				1			0		0			0		0	1		0x26af		0x146000
1		1	1				1			0		0			0		0	1		0x26b0		0x147000
1		1	1				1			0		0			0		0	1		0x26b1		0x148000
1		1	1				1			0		0			0		0	1		0x26b2		0x149000
1		1	1				1			0		0			0		0	1		0x26b3		0x14a000
1		1	1				1			0		0			0		0	1		0x26b4		0x14b000
1		1	1				1			0		0			0		0	1		0x26b5		0x14c000
1		1	1				1			0		0			0		0	1		0x26b6		0x14d000
1		1	1				1			0		0			0		0	1		0x26b7		0x14e000
1		1	1				1			0		0			0		0	1		0x26b8		0x14f000
1		1	1				1			0		0			0		0	1		0x26b9		0x150000
1		1	1				1			0		0			0		0	1		0x26ba		0x151000
1		1	1				1			0		0			0		0	1		0x26bb		0x152000
1		1	1				1			0		0			0		0	1		0x26bc		0x153000
1		1	1				1			0		0			0		0	1		0x26bd		0x154000
1		1	1				1			0		0			0		0	1		0x26be		0x155000
1		1	1				1			0		0			0		0	1		0x26bf		0x156000
1		1	1				1			0		0			0		0	1		0x26c0		0x157000
1		1	1				1			0		0			0		0	1		0x26c1		0x158000
1		1	1				1			0		0			0		0	1		0x26c2		0x159000
1		1	1				1			0		0			0		0	1		0x26c3		0x15a000
1		1	1				1			0		0			0		0	1		0x26c4		0x15b000
1		1	1				1			0		0			0		0	1		0x26c5		0x15c000
1		1	1				1			0		0			0		0	1		0x26c6		0x15d000
1		1	1				1			0		0			0		0	1		0x26c7		0x15e000
1		1	1				1			0		0			0		0	1		0x26c8		0x15f000
1		1	1				1			0		0			0		0	1		0x26c9		0x160000
1		1	1				1			0		0			0		0	1		0x26ca		0x161000
1		1	1				1			0		0			0		0	1		0x26cb		0x162000
1		1	1				1			0		0			0		0	1		0x26cc		0x163000
1		1	1				1			0		0			0		0	1		0x26cd		0x164000
1		1	1				1			0		0			0		0	1		0x26ce		0x165000
1		1	1				1			0		0			0		0	1		0x26cf		0x166000
1		1	1				1			0		0			0		0	1		0x26d0		0x167000
1		1	1				1			0		0			0		0	1		0x26d1		0x168000
1		1	1				1			0		0			0		0	1		0x26d2		0x169000
1		1	1				1			0		0			0		0	1		0x26d3		0x16a000
1		1	1				1			0		0			0		0	1		0x26d4		0x16b000
1		1	1				1			0		0			0		0	1		0x26d5		0x16c000
1		1	1				1			0		0			0		0	1		0x26d6		0x16d000
1		1	1				1			0		0			0		0	1		0x26d7		0x16e000
1		1	1				1			0		0			0		0	1		0x26d8		0x16f000
1		1	1				1			0		0			0		0	1		0x26d9		0x170000
1		1	1				1			0		0			0		0	1		0x26da		0x171000
1		1	1				1			0		0			0		0	1		0x26db		0x172000
1		1	1				1			0		0			0		0	1		0x26dc		0x173000
1		1	1				1			0		0			0		0	1		0x26dd		0x174000
1		1	1				1			0		0			0		0	1		0x26de		0x175000
1		1	1				1			0		0			0		0	1		0x26df		0x176000
1		1	1				1			0		0			0		0	1		0x26e0		0x177000
1		1	1				1			0		0			0		0	1		0x26e1		0x178000
1		1	1				1			0		0			0		0	1		0x26e2		0x179000
1		1	1				1			0		0			0		0	1		0x26e3		0x17a000
1		1	1				1			0		0			0		0	1		0x26e4		0x17b000
1		1	1				1			0		0			0		0	1		0x26e5		0x17c000
1		1	1				1			0		0			0		0	1		0x26e6		0x17d000
1		1	1				1			0		0			0		0	1		0x26e7		0x17e000
1		1	1				1			0		0			0		0	1		0x26e8		0x17f000
1		1	1				1			0		0			0		0	1		0x26e9		0x180000
1		1	1				1			0		0			0		0	1		0x26ea		0x181000
1		1	1				1			0		0			0		0	1		0x26eb		0x182000
1		1	1				1			0		0			0		0	1		0x26ec		0x183000
1		1	1				1			0		0			0		0	1		0x26ed		0x184000
1		1	1				1			0		0			0		0	1		0x26ee		0x185000
1		1	1				1			0		0			0		0	1		0x26ef		0x186000
1		1	1				1			0		0			0		0	1		0x26f0		0x187000
1		1	1				1			0		0			0		0	1		0x26f1		0x188000
1		1	1				1			0		0			0		0	1		0x26f2		0x189000
1		1	1				1			0		0			0		0	1		0x26f3		0x18a000
1		1	1				1			0		0			0		0	1		0x26f4		0x18b000
1		1	1				1			0		0			0		0	1		0x26f5		0x18c000
1		1	1				1			0		0			0		0	1		0x26f6		0x18d000
1		1	1				1			0		0			0		0	1		0x26f7		0x18e000
1		1	1				1			0		0			0		0	1		0x26f8		0x18f000
1		1	1				1			0		0			0		0	1		0x26f9		0x190000
1		1	1				1			0		0			0		0	1		0x26fa		0x191000
1		1	1				1			0		0			0		0	1		0x26fb		0x192000
1		1	1				1			0		0			0		0	1		0x26fc		0x193000
1		1	1				1			0		0			0		0	1		0x26fd		0x194000
1		1	1				1			0		0			0		0	1		0x26fe		0x195000
1		1	1				1			0		0			0		0	1		0x26ff		0x196000
1		1	1				1			0		0			0		0	1		0x2700		0x197000
1		1	1				1			0		0			0		0	1		0x2701		0x198000
1		1	1				1			0		0			0		0	1		0x2702		0x199000
1		1	1				1			0		0			0		0	1		0x2703		0x19a000
1		1	1				1			0		0			0		0	1		0x2704		0x19b000
1		1	1				1			0		0			0		0	1		0x2705		0x19c000
1		1	1				1			0		0			0		0	1		0x2706		0x19d000
1		1	1				1			0		0			0		0	1		0x2707		0x19e000
1		1	1				1			0		0			0		0	1		0x2708		0x19f000
1		1	1				1			0		0			0		0	1		0x2709		0x1a0000
1		1	1				1			0		0			0		0	1		0x270a		0x1a1000
1		1	1				1			0		0			0		0	1		0x270b		0x1a2000
1		1	1				1			0		0			0		0	1		0x270c		0x1a3000
1		1	1				1			0		0			0		0	1		0x270d		0x1a4000
1		1	1				1			0		0			0		0	1		0x270e		0x1a5000
1		1	1				1			0		0			0		0	1		0x270f		0x1a6000
1		1	1				1			0		0			0		0	1		0x2710		0x1a7000
1		1	1				1			0		0			0		0	1		0x2711		0x1a8000
1		1	1				1			0		0			0		0	1		0x2712		0x1a9000
1		1	1				1			0		0			0		0	1		0x2713		0x1aa000
1		1	1				1			0		0			0		0	1		0x2714		0x1ab000
1		1	1				1			0		0			0		0	1		0x2715		0x1ac000
1		1	1				1			0		0			0		0	1		0x2716		0x1ad000
1		1	1				1			0		0			0		0	1		0x2717		0x1ae000
1		1	1				1			0		0			0		0	1		0x2718		0x1af000
1		1	1				1			0		0			0		0	1		0x2719		0x1b0000
1		1	1				1			0		0			0		0	1		0x271a		0x1b1000
1		1	1				1			0		0			0		0	1		0x271b		0x1b2000
1		1	1				1			0		0			0		0	1		0x271c		0x1b3000
1		1	1				1			0		0			0		0	1		0x271d		0x1b4000
1		1	1				1			0		0			0		0	1		0x271e		0x1b5000
1		1	1				1			0		0			0		0	1		0x271f		0x1b6000
1		1	1				1			0		0			0		0	1		0x2720		0x1b7000
1		1	1				1			0		0			0		0	1		0x2721		0x1b8000
1		1	1				1			0		0			0		0	1		0x2722		0x1b9000
1		1	1				1			0		0			0		0	1		0x2723		0x1ba000
1		1	1				1			0		0			0		0	1		0x2724		0x1bb000
1		1	1				1			0		0			0		0	1		0x2725		0x1bc000
1		1	1				1			0		0			0		0	1		0x2726		0x1bd000
1		1	1				1			0		0			0		0	1		0x2727		0x1be000
1		1	1				1			0		0			0		0	1		0x2728		0x1bf000
1		1	1				1			0		0			0		0	1		0x2729		0x1c0000
1		1	1				1			0		0			0		0	1		0x272a		0x1c1000
1		1	1				1			0		0			0		0	1		0x272b		0x1c2000
1		1	1				1			0		0			0		0	1		0x272c		0x1c3000
1		1	1				1			0		0			0		0	1		0x272d		0x1c4000
1		1	1				1			0		0			0		0	1		0x272e		0x1c5000
1		1	1				1			0		0			0		0	1		0x272f		0x1c6000
1		1	1				1			0		0			0		0	1		0x2730		0x1c7000
1		1	1				1			0		0			0		0	1		0x2731		0x1c8000
1		1	1				1			0		0			0		0	1		0x2732		0x1c9000
1		1	1				1			0		0			0		0	1		0x2733		0x1ca000
1		1	1				1			0		0			0		0	1		0x2734		0x1cb000
1		1	1				1			0		0			0		0	1		0x2735		0x1cc000
1		1	1				1			0		0			0		0	1		0x2736		0x1cd000
1		1	1				1			0		0			0		0	1		0x2737		0x1ce000
1		1	1				1			0		0			0		0	1		0x2738		0x1cf000
1		1	1				1			0		0			0		0	1		0x2739		0x1d0000
1		1	1				1			0		0			0		0	1		0x273a		0x1d1000
1		1	1				1			0		0			0		0	1		0x273b		0x1d2000
1		1	1				1			0		0			0		0	1		0x273c		0x1d3000
1		1	1				1			0		0			0		0	1		0x273d		0x1d4000
1		1	1				1			0		0			0		0	1		0x273e		0x1d5000
1		1	1				1			0		0			0		0	1		0x273f		0x1d6000
1		1	1				1			0		0			0		0	1		0x2740		0x1d7000
1		1	1				1			0		0			0		0	1		0x2741		0x1d8000
1		1	1				1			0		0			0		0	1		0x2742		0x1d9000
1		1	1				1			0		0			0		0	1		0x2743		0x1da000
1		1	1				1			0		0			0		0	1		0x2744		0x1db000
1		1	1				1			0		0			0		0	1		0x2745		0x1dc000
1		1	1				1			0		0			0		0	1		0x2746		0x1dd000
1		1	1				1			0		0			0		0	1		0x2747		0x1de000
1		1	1				1			0		0			0		0	1		0x2748		0x1df000
1		1	1				1			0		0			0		0	1		0x2749		0x1e0000
1		1	1				1			0		0			0		0	1		0x274a		0x1e1000
1		1	1				1			0		0			0		0	1		0x274b		0x1e2000
1		1	1				1			0		0			0		0	1		0x274c		0x1e3000
1		1	1				1			0		0			0		0	1		0x274d		0x1e4000
1		1	1				1			0		0			0		0	1		0x274e		0x1e5000
1		1	1				1			0		0			0		0	1		0x274f		0x1e6000
1		1	1				1			0		0			0		0	1		0x2750		0x1e7000
1		1	1				1			0		0			0		0	1		0x2751		0x1e8000
1		1	1				1			0		0			0		0	1		0x2752		0x1e9000
1		1	1				1			0		0			0		0	1		0x2753		0x1ea000
1		1	1				1			0		0			0		0	1		0x2754		0x1eb000
1		1	1				1			0		0			0		0	1		0x2755		0x1ec000
1		1	1				1			0		0			0		0	1		0x2756		0x1ed000
1		1	1				1			0		0			0		0	1		0x2757		0x1ee000
1		1	1				1			0		0			0		0	1		0x2758		0x1ef000
1		1	1				1			0		0			0		0	1		0x2759		0x1f0000
1		1	1				1			0		0			0		0	1		0x275a		0x1f1000
1		1	1				1			0		0			0		0	1		0x275b		0x1f2000
1		1	1				1			0		0			0		0	1		0x275c		0x1f3000
1		1	1				1			0		0			0		0	1		0x275d		0x1f4000
1		1	1				1			0		0			0		0	1		0x275e		0x1f5000
1		1	1				1			0		0			0		0	1		0x275f		0x1f6000
1		1	1				1			0		0			0		0	1		0x2760		0x1f7000
1		1	1				1			0		0			0		0	1		0x2761		0x1f8000
1		1	1				1			0		0			0		0	1		0x2762		0x1f9000
1		1	1				1			0		0			0		0	1		0x2763		0x1fa000
1		1	1				1			0		0			0		0	1		0x2764		0x1fb000
1		1	1				1			0		0			0		0	1		0x2765		0x1fc000
1		1	1				1			0		0			0		0	1		0x2766		0x1fd000
1		1	1				1			0		0			0		0	1		0x2767		0x1fe000
1		1	1				1			0		0			0		0	1		0x2768		0x1ff000
1		1	1				1			0		0			0		0	1		0x2769		0x200000
1		1	1				1			0		0			0		0	1		0x276a		0x201000
1		1	1				1			0		0			0		0	1		0x276b		0x202000
1		1	1				1			0		0			0		0	1		0x276c		0x203000
1		1	1				1			0		0			0		0	1		0x276d		0x204000
1		1	1				1			0		0			0		0	1		0x276e		0x205000
1		1	1				1			0		0			0		0	1		0x276f		0x206000
1		1	1				1			0		0			0		0	1		0x2770		0x207000
1		1	1				1			0		0			0		0	1		0x2771		0x208000
1		1	1				1			0		0			0		0	1		0x2772		0x209000
1		1	1				1			0		0			0		0	1		0x2773		0x20a000
1		1	1				1			0		0			0		0	1		0x2774		0x20b000
1		1	1				1			0		0			0		0	1		0x2775		0x20c000
1		1	1				1			0		0			0		0	1		0x2776		0x20d000
1		1	1				1			0		0			0		0	1		0x2777		0x20e000
1		1	1				1			0		0			0		0	1		0x2778		0x20f000
1		1	1				1			0		0			0		0	1		0x2779		0x210000
1		1	1				1			0		0			0		0	1		0x277a		0x211000
1		1	1				1			0		0			0		0	1		0x277b		0x212000
1		1	1				1			0		0			0		0	1		0x277c		0x213000
1		1	1				1			0		0			0		0	1		0x277d		0x214000
1		1	1				1			0		0			0		0	1		0x277e		0x215000
1		1	1				1			0		0			0		0	1		0x277f		0x216000
1		1	1				1			0		0			0		0	1		0x2780		0x217000
1		1	1				1			0		0			0		0	1		0x2781		0x218000
1		1	1				1			0		0			0		0	1		0x2782		0x219000
1		1	1				1			0		0			0		0	1		0x2783		0x21a000
1		1	1				1			0		0			0		0	1		0x2784		0x21b000
1		1	1				1			0		0			0		0	1		0x2785		0x21c000
1		1	1				1			0		0			0		0	1		0x2786		0x21d000
1		1	1				1			0		0			0		0	1		0x2787		0x21e000
1		1	1				1			0		0			0		0	1		0x2788		0x21f000
1		1	1				1			0		0			0		0	1		0x2789		0x220000
1		1	1				1			0		0			0		0	1		0x278a		0x221000
1		1	1				1			0		0			0		0	1		0x278b		0x222000
1		1	1				1			0		0			0		0	1		0x278c		0x223000
1		1	1				1			0		0			0		0	1		0x278d		0x224000
1		1	1				1			0		0			0		0	1		0x278e		0x225000
1		1	1				1			0		0			0		0	1		0x278f		0x226000
1		1	1				1			0		0			0		0	1		0x2790		0x227000
1		1	1				1			0		0			0		0	1		0x2791		0x228000
1		1	1				1			0		0			0		0	1		0x2792		0x229000
1		1	1				1			0		0			0		0	1		0x2793		0x22a000
1		1	1				1			0		0			0		0	1		0x2794		0x22b000
1		1	1				1			0		0			0		0	1		0x2795		0x22c000
1		1	1				1			0		0			0		0	1		0x2796		0x22d000
1		1	1				1			0		0			0		0	1		0x2797		0x22e000
1		1	1				1			0		0			0		0	1		0x2798		0x22f000
1		1	1				1			0		0			0		0	1		0x2799		0x230000
1		1	1				1			0		0			0		0	1		0x279a		0x231000
1		1	1				1			0		0			0		0	1		0x279b		0x232000
1		1	1				1			0		0			0		0	1		0x279c		0x233000
1		1	1				1			0		0			0		0	1		0x279d		0x234000
1		1	1				1			0		0			0		0	1		0x279e		0x235000
1		1	1				1			0		0			0		0	1		0x279f		0x236000
1		1	1				1			0		0			0		0	1		0x27a0		0x237000
1		1	1				1			0		0			0		0	1		0x27a1		0x238000
1		1	1				1			0		0			0		0	1		0x27a2		0x239000
1		1	1				1			0		0			0		0	1		0x27a3		0x23a000
1		1	1				1			0		0			0		0	1		0x27a4		0x23b000
1		1	1				1			0		0			0		0	1		0x27a5		0x23c000
1		1	1				1			0		0			0		0	1		0x27a6		0x23d000
1		1	1				1			0		0			0		0	1		0x27a7		0x23e000
1		1	1				1			0		0			0		0	1		0x27a8		0x23f000
1		1	1				1			0		0			0		0	1		0x27a9		0x240000
1		1	1				1			0		0			0		0	1		0x27aa		0x241000
1		1	1				1			0		0			0		0	1		0x27ab		0x242000
1		1	1				1			0		0			0		0	1		0x27ac		0x243000
1		1	1				1			0		0			0		0	1		0x27ad		0x244000
1		1	1				1			0		0			0		0	1		0x27ae		0x245000
1		1	1				1			0		0			0		0	1		0x27af		0x246000
1		1	1				1			0		0			0		0	1		0x27b0		0x247000
1		1	1				1			0		0			0		0	1		0x27b1		0x248000
1		1	1				1			0		0			0		0	1		0x27b2		0x249000
1		1	1				1			0		0			0		0	1		0x27b3		0x24a000
1		1	1				1			0		0			0		0	1		0x27b4		0x24b000
1		1	1				1			0		0			0		0	1		0x27b5		0x24c000
1		1	1				1			0		0			0		0	1		0x27b6		0x24d000
1		1	1				1			0		0			0		0	1		0x27b7		0x24e000
1		1	1				1			0		0			0		0	1		0x27b8		0x24f000
1		1	1				1			0		0			0		0	1		0x27b9		0x250000
1		1	1				1			0		0			0		0	1		0x27ba		0x251000
1		1	1				1			0		0			0		0	1		0x27bb		0x252000
1		1	1				1			0		0			0		0	1		0x27bc		0x253000
1		1	1				1			0		0			0		0	1		0x27bd		0x254000
1		1	1				1			0		0			0		0	1		0x27be		0x255000
1		1	1				1			0		0			0		0	1		0x27bf		0x256000
1		1	1				1			0		0			0		0	1		0x27c0		0x257000
1		1	1				1			0		0			0		0	1		0x27c1		0x258000
1		1	1				1			0		0			0		0	1		0x27c2		0x259000
1		1	1				1			0		0			0		0	1		0x27c3		0x25a000
1		1	1				1			0		0			0		0	1		0x27c4		0x25b000
1		1	1				1			0		0			0		0	1		0x27c5		0x25c000
1		1	1				1			0		0			0		0	1		0x27c6		0x25d000
1		1	1				1			0		0			0		0	1		0x27c7		0x25e000
1		1	1				1			0		0			0		0	1		0x27c8		0x25f000
1		1	1				1			0		0			0		0	1		0x27c9		0x260000
1		1	1				1			0		0			0		0	1		0x27ca		0x261000
1		1	1				1			0		0			0		0	1		0x27cb		0x262000
1		1	1				1			0		0			0		0	1		0x27cc		0x263000
1		1	1				1			0		0			0		0	1		0x27cd		0x264000
1		1	1				1			0		0			0		0	1		0x27ce		0x265000
1		1	1				1			0		0			0		0	1		0x27cf		0x266000
1		1	1				1			0		0			0		0	1		0x27d0		0x267000
1		1	1				1			0		0			0		0	1		0x27d1		0x268000
1		1	1				1			0		0			0		0	1		0x27d2		0x269000
1		1	1				1			0		0			0		0	1		0x27d3		0x26a000
1		1	1				1			0		0			0		0	1		0x27d4		0x26b000
1		1	1				1			0		0			0		0	1		0x27d5		0x26c000
1		1	1				1			0		0			0		0	1		0x27d6		0x26d000
1		1	1				1			0		0			0		0	1		0x27d7		0x26e000
1		1	1				1			0		0			0		0	1		0x27d8		0x26f000
1		1	1				1			0		0			0		0	1		0x27d9		0x270000
1		1	1				1			0		0			0		0	1		0x27da		0x271000
1		1	1				1			0		0			0		0	1		0x27db		0x272000
1		1	1				1			0		0			0		0	1		0x27dc		0x273000
1		1	1				1			0		0			0		0	1		0x27dd		0x274000
1		1	1				1			0		0			0		0	1		0x27de		0x275000
1		1	1				1			0		0			0		0	1		0x27df		0x276000
1		1	1				1			0		0			0		0	1		0x27e0		0x277000
1		1	1				1			0		0			0		0	1		0x27e1		0x278000
1		1	1				1			0		0			0		0	1		0x27e2		0x279000
1		1	1				1			0		0			0		0	1		0x27e3		0x27a000
1		1	1				1			0		0			0		0	1		0x27e4		0x27b000
1		1	1				1			0		0			0		0	1		0x27e5		0x27c000
1		1	1				1			0		0			0		0	1		0x27e6		0x27d000
1		1	1				1			0		0			0		0	1		0x27e7		0x27e000
1		1	1				1			0		0			0		0	1		0x27e8		0x27f000
1		1	1				1			0		0			0		0	1		0x27e9		0x280000
1		1	1				1			0		0			0		0	1		0x27ea		0x281000
1		1	1				1			0		0			0		0	1		0x27eb		0x282000
1		1	1				1			0		0			0		0	1		0x27ec		0x283000
1		1	1				1			0		0			0		0	1		0x27ed		0x284000
1		1	1				1			0		0			0		0	1		0x27ee		0x285000
1		1	1				1			0		0			0		0	1		0x27ef		0x286000
1		1	1				1			0		0			0		0	1		0x27f0		0x287000
1		1	1				1			0		0			0		0	1		0x27f1		0x288000
1		1	1				1			0		0			0		0	1		0x27f2		0x289000
1		1	1				1			0		0			0		0	1		0x27f3		0x28a000
1		1	1				1			0		0			0		0	1		0x27f4		0x28b000
1		1	1				1			0		0			0		0	1		0x27f5		0x28c000
1		1	1				1			0		0			0		0	1		0x27f6		0x28d000
1		1	1				1			0		0			0		0	1		0x27f7		0x28e000
1		1	1				1			0		0			0		0	1		0x27f8		0x28f000
1		1	1				1			0		0			0		0	1		0x27f9		0x290000
1		1	1				1			0		0			0		0	1		0x27fa		0x291000
1		1	1				1			0		0			0		0	1		0x27fb		0x292000
1		1	1				1			0		0			0		0	1		0x27fc		0x293000
1		1	1				1			0		0			0		0	1		0x27fd		0x294000
1		1	1				1			0		0			0		0	1		0x27fe		0x295000
1		1	1				1			0		0			0		0	1		0x27ff		0x296000
1		1	1				1			0		0			0		0	1		0x2800		0x297000
1		1	1				1			0		0			0		0	1		0x2801		0x298000
1		1	1				1			0		0			0		0	1		0x2802		0x299000
1		1	1				1			0		0			0		0	1		0x2803		0x29a000
1		1	1				1			0		0			0		0	1		0x2804		0x29b000
1		1	1				1			0		0			0		0	1		0x2805		0x29c000
1		1	1				1			0		0			0		0	1		0x2806		0x29d000
1		1	1				1			0		0			0		0	1		0x2807		0x29e000
1		1	1				1			0		0			0		0	1		0x2808		0x29f000
1		1	1				1			0		0			0		0	1		0x2809		0x2a0000
1		1	1				1			0		0			0		0	1		0x280a		0x2a1000
1		1	1				1			0		0			0		0	1		0x280b		0x2a2000
1		1	1				1			0		0			0		0	1		0x280c		0x2a3000
1		1	1				1			0		0			0		0	1		0x280d		0x2a4000
1		1	1				1			0		0			0		0	1		0x280e		0x2a5000
1		1	1				1			0		0			0		0	1		0x280f		0x2a6000
1		1	1				1			0		0			0		0	1		0x2810		0x2a7000
1		1	1				1			0		0			0		0	1		0x2811		0x2a8000
1		1	1				1			0		0			0		0	1		0x2812		0x2a9000
1		1	1				1			0		0			0		0	1		0x2813		0x2aa000
1		1	1				1			0		0			0		0	1		0x2814		0x2ab000
1		1	1				1			0		0			0		0	1		0x2815		0x2ac000
1		1	1				1			0		0			0		0	1		0x2816		0x2ad000
1		1	1				1			0		0			0		0	1		0x2817		0x2ae000
1		1	1				1			0		0			0		0	1		0x2818		0x2af000
1		1	1				1			0		0			0		0	1		0x2819		0x2b0000
1		1	1				1			0		0			0		0	1		0x281a		0x2b1000
1		1	1				1			0		0			0		0	1		0x281b		0x2b2000
1		1	1				1			0		0			0		0	1		0x281c		0x2b3000
1		1	1				1			0		0			0		0	1		0x281d		0x2b4000
1		1	1				1			0		0			0		0	1		0x281e		0x2b5000
1		1	1				1			0		0			0		0	1		0x281f		0x2b6000
1		1	1				1			0		0			0		0	1		0x2820		0x2b7000
1		1	1				1			0		0			0		0	1		0x2821		0x2b8000
1		1	1				1			0		0			0		0	1		0x2822		0x2b9000
1		1	1				1			0		0			0		0	1		0x2823		0x2ba000
1		1	1				1			0		0			0		0	1		0x2824		0x2bb000
1		1	1				1			0		0			0		0	1		0x2825		0x2bc000
1		1	1				1			0		0			0		0	1		0x2826		0x2bd000
1		1	1				1			0		0			0		0	1		0x2827		0x2be000
1		1	1				1			0		0			0		0	1		0x2828		0x2bf000
1		1	1				1			0		0			0		0	1		0x2829		0x2c0000
1		1	1				1			0		0			0		0	1		0x282a		0x2c1000
1		1	1				1			0		0			0		0	1		0x282b		0x2c2000
1		1	1				1			0		0			0		0	1		0x282c		0x2c3000
1		1	1				1			0		0			0		0	1		0x282d		0x2c4000
1		1	1				1			0		0			0		0	1		0x282e		0x2c5000
1		1	1				1			0		0			0		0	1		0x282f		0x2c6000
1		1	1				1			0		0			0		0	1		0x2830		0x2c7000
1		1	1				1			0		0			0		0	1		0x2831		0x2c8000
1		1	1				1			0		0			0		0	1		0x2832		0x2c9000
1		1	1				1			0		0			0		0	1		0x2833		0x2ca000
1		1	1				1			0		0			0		0	1		0x2834		0x2cb000
1		1	1				1			0		0			0		0	1		0x2835		0x2cc000
1		1	1				1			0		0			0		0	1		0x2836		0x2cd000
1		1	1				1			0		0			0		0	1		0x2837		0x2ce000
1		1	1				1			0		0			0		0	1		0x2838		0x2cf000
1		1	1				1			0		0			0		0	1		0x2839		0x2d0000
1		1	1				1			0		0			0		0	1		0x283a		0x2d1000
1		1	1				1			0		0			0		0	1		0x283b		0x2d2000
1		1	1				1			0		0			0		0	1		0x283c		0x2d3000
1		1	1				1			0		0			0		0	1		0x283d		0x2d4000
1		1	1				1			0		0			0		0	1		0x283e		0x2d5000
1		1	1				1			0		0			0		0	1		0x283f		0x2d6000
1		1	1				1			0		0			0		0	1		0x2840		0x2d7000
1		1	1				1			0		0			0		0	1		0x2841		0x2d8000
1		1	1				1			0		0			0		0	1		0x2842		0x2d9000
1		1	1				1			0		0			0		0	1		0x2843		0x2da000
1		1	1				1			0		0			0		0	1		0x2844		0x2db000
1		1	1				1			0		0			0		0	1		0x2845		0x2dc000
1		1	1				1			0		0			0		0	1		0x2846		0x2dd000
1		1	1				1			0		0			0		0	1		0x2847		0x2de000
1		1	1				1			0		0			0		0	1		0x2848		0x2df000
1		1	1				1			0		0			0		0	1		0x2849		0x2e0000
1		1	1				1			0		0			0		0	1		0x284a		0x2e1000
1		1	1				1			0		0			0		0	1		0x284b		0x2e2000
1		1	1				1			0		0			0		0	1		0x284c		0x2e3000
1		1	1				1			0		0			0		0	1		0x284d		0x2e4000
1		1	1				1			0		0			0		0	1		0x284e		0x2e5000
1		1	1				1			0		0			0		0	1		0x284f		0x2e6000
1		1	1				1			0		0			0		0	1		0x2850		0x2e7000
1		1	1				1			0		0			0		0	1		0x2851		0x2e8000
1		1	1				1			0		0			0		0	1		0x2852		0x2e9000
1		1	1				1			0		0			0		0	1		0x2853		0x2ea000
1		1	1				1			0		0			0		0	1		0x2854		0x2eb000
1		1	1				1			0		0			0		0	1		0x2855		0x2ec000
1		1	1				1			0		0			0		0	1		0x2856		0x2ed000
1		1	1				1			0		0			0		0	1		0x2857		0x2ee000
1		1	1				1			0		0			0		0	1		0x2858		0x2ef000
1		1	1				1			0		0			0		0	1		0x2859		0x2f0000
1		1	1				1			0		0			0		0	1		0x285a		0x2f1000
1		1	1				1			0		0			0		0	1		0x285b		0x2f2000
1		1	1				1			0		0			0		0	1		0x285c		0x2f3000
1		1	1				1			0		0			0		0	1		0x285d		0x2f4000
1		1	1				1			0		0			0		0	1		0x285e		0x2f5000
1		1	1				1			0		0			0		0	1		0x285f		0x2f6000
1		1	1				1			0		0			0		0	1		0x2860		0x2f7000
1		1	1				1			0		0			0		0	1		0x2861		0x2f8000
1		1	1				1			0		0			0		0	1		0x2862		0x2f9000
1		1	1				1			0		0			0		0	1		0x2863		0x2fa000
1		1	1				1			0		0			0		0	1		0x2864		0x2fb000
1		1	1				1			0		0			0		0	1		0x2865		0x2fc000
1		1	1				1			0		0			0		0	1		0x2866		0x2fd000
1		1	1				1			0		0			0		0	1		0x2867		0x2fe000
1		1	1				1			0		0			0		0	1		0x2868		0x2ff000
1		1	1				1			0		0			0		0	1		0x2869		0x300000
1		1	1				1			0		0			0		0	1		0x286a		0x301000
1		1	1				1			0		0			0		0	1		0x286b		0x302000
1		1	1				1			0		0			0		0	1		0x286c		0x303000
1		1	1				1			0		0			0		0	1		0x286d		0x304000
1		1	1				1			0		0			0		0	1		0x286e		0x305000
1		1	1				1			0		0			0		0	1		0x286f		0x306000
1		1	1				1			0		0			0		0	1		0x2870		0x307000
1		1	1				1			0		0			0		0	1		0x2871		0x308000
1		1	1				1			0		0			0		0	1		0x2872		0x309000
1		1	1				1			0		0			0		0	1		0x2873		0x30a000
1		1	1				1			0		0			0		0	1		0x2874		0x30b000
1		1	1				1			0		0			0		0	1		0x2875		0x30c000
1		1	1				1			0		0			0		0	1		0x2876		0x30d000
1		1	1				1			0		0			0		0	1		0x2877		0x30e000
1		1	1				1			0		0			0		0	1		0x2878		0x30f000
1		1	1				1			0		0			0		0	1		0x2879		0x310000
1		1	1				1			0		0			0		0	1		0x287a		0x311000
1		1	1				1			0		0			0		0	1		0x287b		0x312000
1		1	1				1			0		0			0		0	1		0x287c		0x313000
1		1	1				1			0		0			0		0	1		0x287d		0x314000
1		1	1				1			0		0			0		0	1		0x287e		0x315000
1		1	1				1			0		0			0		0	1		0x287f		0x316000
1		1	1				1			0		0			0		0	1		0x2880		0x317000
1		1	1				1			0		0			0		0	1		0x2881		0x318000
1		1	1				1			0		0			0		0	1		0x2882		0x319000
1		1	1				1			0		0			0		0	1		0x2883		0x31a000
1		1	1				1			0		0			0		0	1		0x2884		0x31b000
1		1	1				1			0		0			0		0	1		0x2885		0x31c000
1		1	1				1			0		0			0		0	1		0x2886		0x31d000
1		1	1				1			0		0			0		0	1		0x2887		0x31e000
1		1	1				1			0		0			0		0	1		0x2888		0x31f000
1		1	1				1			0		0			0		0	1		0x2889		0x320000
1		1	1				1			0		0			0		0	1		0x288a		0x321000
1		1	1				1			0		0			0		0	1		0x288b		0x322000
1		1	1				1			0		0			0		0	1		0x288c		0x323000
1		1	1				1			0		0			0		0	1		0x288d		0x324000
1		1	1				1			0		0			0		0	1		0x288e		0x325000
1		1	1				1			0		0			0		0	1		0x288f		0x326000
1		1	1				1			0		0			0		0	1		0x2890		0x327000
1		1	1				1			0		0			0		0	1		0x2891		0x328000
1		1	1				1			0		0			0		0	1		0x2892		0x329000
1		1	1				1			0		0			0		0	1		0x2893		0x32a000
1		1	1				1			0		0			0		0	1		0x2894		0x32b000
1		1	1				1			0		0			0		0	1		0x2895		0x32c000
1		1	1				1			0		0			0		0	1		0x2896		0x32d000
1		1	1				1			0		0			0		0	1		0x2897		0x32e000
1		1	1				1			0		0			0		0	1		0x2898		0x32f000
1		1	1				1			0		0			0		0	1		0x2899		0x330000
1		1	1				1			0		0			0		0	1		0x289a		0x331000
1		1	1				1			0		0			0		0	1		0x289b		0x332000
1		1	1				1			0		0			0		0	1		0x289c		0x333000
1		1	1				1			0		0			0		0	1		0x289d		0x334000
1		1	1				1			0		0			0		0	1		0x289e		0x335000
1		1	1				1			0		0			0		0	1		0x289f		0x336000
1		1	1				1			0		0			0		0	1		0x28a0		0x337000
1		1	1				1			0		0			0		0	1		0x28a1		0x338000
1		1	1				1			0		0			0		0	1		0x28a2		0x339000
1		1	1				1			0		0			0		0	1		0x28a3		0x33a000
1		1	1				1			0		0			0		0	1		0x28a4		0x33b000
1		1	1				1			0		0			0		0	1		0x28a5		0x33c000
1		1	1				1			0		0			0		0	1		0x28a6		0x33d000
1		1	1				1			0		0			0		0	1		0x28a7		0x33e000
1		1	1				1			0		0			0		0	1		0x28a8		0x33f000
1		1	1				1			0		0			0		0	1		0x28a9		0x340000
1		1	1				1			0		0			0		0	1		0x28aa		0x341000
1		1	1				1			0		0			0		0	1		0x28ab		0x342000
1		1	1				1			0		0			0		0	1		0x28ac		0x343000
1		1	1				1			0		0			0		0	1		0x28ad		0x344000
1		1	1				1			0		0			0		0	1		0x28ae		0x345000
1		1	1				1			0		0			0		0	1		0x28af		0x346000
1		1	1				1			0		0			0		0	1		0x28b0		0x347000
1		1	1				1			0		0			0		0	1		0x28b1		0x348000
1		1	1				1			0		0			0		0	1		0x28b2		0x349000
1		1	1				1			0		0			0		0	1		0x28b3		0x34a000
1		1	1				1			0		0			0		0	1		0x28b4		0x34b000
1		1	1				1			0		0			0		0	1		0x28b5		0x34c000
1		1	1				1			0		0			0		0	1		0x28b6		0x34d000
1		1	1				1			0		0			0		0	1		0x28b7		0x34e000
1		1	1				1			0		0			0		0	1		0x28b8		0x34f000
1		1	1				1			0		0			0		0	1		0x28b9		0x350000
1		1	1				1			0		0			0		0	1		0x28ba		0x351000
1		1	1				1			0		0			0		0	1		0x28bb		0x352000
1		1	1				1			0		0			0		0	1		0x28bc		0x353000
1		1	1				1			0		0			0		0	1		0x28bd		0x354000
1		1	1				1			0		0			0		0	1		0x28be		0x355000
1		1	1				1			0		0			0		0	1		0x28bf		0x356000
1		1	1				1			0		0			0		0	1		0x28c0		0x357000
1		1	1				1			0		0			0		0	1		0x28c1		0x358000
1		1	1				1			0		0			0		0	1		0x28c2		0x359000
1		1	1				1			0		0			0		0	1		0x28c3		0x35a000
1		1	1				1			0		0			0		0	1		0x28c4		0x35b000
1		1	1				1			0		0			0		0	1		0x28c5		0x35c000
1		1	1				1			0		0			0		0	1		0x28c6		0x35d000
1		1	1				1			0		0			0		0	1		0x28c7		0x35e000
1		1	1				1			0		0			0		0	1		0x28c8		0x35f000
1		1	1				1			0		0			0		0	1		0x28c9		0x360000
1		1	1				1			0		0			0		0	1		0x28ca		0x361000
1		1	1				1			0		0			0		0	1		0x28cb		0x362000
1		1	1				1			0		0			0		0	1		0x28cc		0x363000
1		1	1				1			0		0			0		0	1		0x28cd		0x364000
1		1	1				1			0		0			0		0	1		0x28ce		0x365000
1		1	1				1			0		0			0		0	1		0x28cf		0x366000
1		1	1				1			0		0			0		0	1		0x28d0		0x367000
1		1	1				1			0		0			0		0	1		0x28d1		0x368000
1		1	1				1			0		0			0		0	1		0x28d2		0x369000
1		1	1				1			0		0			0		0	1		0x28d3		0x36a000
1		1	1				1			0		0			0		0	1		0x28d4		0x36b000
1		1	1				1			0		0			0		0	1		0x28d5		0x36c000
1		1	1				1			0		0			0		0	1		0x28d6		0x36d000
1		1	1				1			0		0			0		0	1		0x28d7		0x36e000
1		1	1				1			0		0			0		0	1		0x28d8		0x36f000
1		1	1				1			0		0			0		0	1		0x28d9		0x370000
1		1	1				1			0		0			0		0	1		0x28da		0x371000
1		1	1				1			0		0			0		0	1		0x28db		0x372000
1		1	1				1			0		0			0		0	1		0x28dc		0x373000
1		1	1				1			0		0			0		0	1		0x28dd		0x374000
1		1	1				1			0		0			0		0	1		0x28de		0x375000
1		1	1				1			0		0			0		0	1		0x28df		0x376000
1		1	1				1			0		0			0		0	1		0x28e0		0x377000
1		1	1				1			0		0			0		0	1		0x28e1		0x378000
1		1	1				1			0		0			0		0	1		0x28e2		0x379000
1		1	1				1			0		0			0		0	1		0x28e3		0x37a000
1		1	1				1			0		0			0		0	1		0x28e4		0x37b000
1		1	1				1			0		0			0		0	1		0x28e5		0x37c000
1		1	1				1			0		0			0		0	1		0x28e6		0x37d000
1		1	1				1			0		0			0		0	1		0x28e7		0x37e000
1		1	1				1			0		0			0		0	1		0x28e8		0x37f000
1		1	1				1			0		0			0		0	1		0x28e9		0x380000
1		1	1				1			0		0			0		0	1		0x28ea		0x381000
1		1	1				1			0		0			0		0	1		0x28eb		0x382000
1		1	1				1			0		0			0		0	1		0x28ec		0x383000
1		1	1				1			0		0			0		0	1		0x28ed		0x384000
1		1	1				1			0		0			0		0	1		0x28ee		0x385000
1		1	1				1			0		0			0		0	1		0x28ef		0x386000
1		1	1				1			0		0			0		0	1		0x28f0		0x387000
1		1	1				1			0		0			0		0	1		0x28f1		0x388000
1		1	1				1			0		0			0		0	1		0x28f2		0x389000
1		1	1				1			0		0			0		0	1		0x28f3		0x38a000
1		1	1				1			0		0			0		0	1		0x28f4		0x38b000
1		1	1				1			0		0			0		0	1		0x28f5		0x38c000
1		1	1				1			0		0			0		0	1		0x28f6		0x38d000
1		1	1				1			0		0			0		0	1		0x28f7		0x38e000
1		1	1				1			0		0			0		0	1		0x28f8		0x38f000
1		1	1				1			0		0			0		0	1		0x28f9		0x390000
1		1	1				1			0		0			0		0	1		0x28fa		0x391000
1		1	1				1			0		0			0		0	1		0x28fb		0x392000
1		1	1				1			0		0			0		0	1		0x28fc		0x393000
1		1	1				1			0		0			0		0	1		0x28fd		0x394000
1		1	1				1			0		0			0		0	1		0x28fe		0x395000
1		1	1				1			0		0			0		0	1		0x28ff		0x396000
1		1	1				1			0		0			0		0	1		0x2900		0x397000
1		1	1				1			0		0			0		0	1		0x2901		0x398000
1		1	1				1			0		0			0		0	1		0x2902		0x399000
1		1	1				1			0		0			0		0	1		0x2903		0x39a000
1		1	1				1			0		0			0		0	1		0x2904		0x39b000
1		1	1				1			0		0			0		0	1		0x2905		0x39c000
1		1	1				1			0		0			0		0	1		0x2906		0x39d000
1		1	1				1			0		0			0		0	1		0x2907		0x39e000
1		1	1				1			0		0			0		0	1		0x2908		0x39f000
1		1	1				1			0		0			0		0	1		0x2909		0x3a0000
1		1	1				1			0		0			0		0	1		0x290a		0x3a1000
1		1	1				1			0		0			0		0	1		0x290b		0x3a2000
1		1	1				1			0		0			0		0	1		0x290c		0x3a3000
1		1	1				1			0		0			0		0	1		0x290d		0x3a4000
1		1	1				1			0		0			0		0	1		0x290e		0x3a5000
1		1	1				1			0		0			0		0	1		0x290f		0x3a6000
1		1	1				1			0		0			0		0	1		0x2910		0x3a7000
1		1	1				1			0		0			0		0	1		0x2911		0x3a8000
1		1	1				1			0		0			0		0	1		0x2912		0x3a9000
1		1	1				1			0		0			0		0	1		0x2913		0x3aa000
1		1	1				1			0		0			0		0	1		0x2914		0x3ab000
1		1	1				1			0		0			0		0	1		0x2915		0x3ac000
1		1	1				1			0		0			0		0	1		0x2916		0x3ad000
1		1	1				1			0		0			0		0	1		0x2917		0x3ae000
1		1	1				1			0		0			0		0	1		0x2918		0x3af000
1		1	1				1			0		0			0		0	1		0x2919		0x3b0000
1		1	1				1			0		0			0		0	1		0x291a		0x3b1000
1		1	1				1			0		0			0		0	1		0x291b		0x3b2000
1		1	1				1			0		0			0		0	1		0x291c		0x3b3000
1		1	1				1			0		0			0		0	1		0x291d		0x3b4000
1		1	1				1			0		0			0		0	1		0x291e		0x3b5000
1		1	1				1			0		0			0		0	1		0x291f		0x3b6000
1		1	1				1			0		0			0		0	1		0x2920		0x3b7000
1		1	1				1			0		0			0		0	1		0x2921		0x3b8000
1		1	1				1			0		0			0		0	1		0x2922		0x3b9000
1		1	1				1			0		0			0		0	1		0x2923		0x3ba000
1		1	1				1			0		0			0		0	1		0x2924		0x3bb000
1		1	1				1			0		0			0		0	1		0x2925		0x3bc000
1		1	1				1			0		0			0		0	1		0x2926		0x3bd000
1		1	1				1			0		0			0		0	1		0x2927		0x3be000
1		1	1				1			0		0			0		0	1		0x2928		0x3bf000
1		1	1				1			0		0			0		0	1		0x2929		0x3c0000
1		1	1				1			0		0			0		0	1		0x292a		0x3c1000
1		1	1				1			0		0			0		0	1		0x292b		0x3c2000
1		1	1				1			0		0			0		0	1		0x292c		0x3c3000
1		1	1				1			0		0			0		0	1		0x292d		0x3c4000
1		1	1				1			0		0			0		0	1		0x292e		0x3c5000
1		1	1				1			0		0			0		0	1		0x292f		0x3c6000
1		1	1				1			0		0			0		0	1		0x2930		0x3c7000
1		1	1				1			0		0			0		0	1		0x2931		0x3c8000
1		1	1				1			0		0			0		0	1		0x2932		0x3c9000
1		1	1				1			0		0			0		0	1		0x2933		0x3ca000
1		1	1				1			0		0			0		0	1		0x2934		0x3cb000
1		1	1				1			0		0			0		0	1		0x2935		0x3cc000
1		1	1				1			0		0			0		0	1		0x2936		0x3cd000
1		1	1				1			0		0			0		0	1		0x2937		0x3ce000
1		1	1				1			0		0			0		0	1		0x2938		0x3cf000
1		1	1				1			0		0			0		0	1		0x2939		0x3d0000
1		1	1				1			0		0			0		0	1		0x293a		0x3d1000
1		1	1				1			0		0			0		0	1		0x293b		0x3d2000
1		1	1				1			0		0			0		0	1		0x293c		0x3d3000
1		1	1				1			0		0			0		0	1		0x293d		0x3d4000
1		1	1				1			0		0			0		0	1		0x293e		0x3d5000
1		1	1				1			0		0			0		0	1		0x293f		0x3d6000
1		1	1				1			0		0			0		0	1		0x2940		0x3d7000
1		1	1				1			0		0			0		0	1		0x2941		0x3d8000
1		1	1				1			0		0			0		0	1		0x2942		0x3d9000
1		1	1				1			0		0			0		0	1		0x2943		0x3da000
1		1	1				1			0		0			0		0	1		0x2944		0x3db000
1		1	1				1			0		0			0		0	1		0x2945		0x3dc000
1		1	1				1			0		0			0		0	1		0x2946		0x3dd000
1		1	1				1			0		0			0		0	1		0x2947		0x3de000
1		1	1				1			0		0			0		0	1		0x2948		0x3df000
1		1	1				1			0		0			0		0	1		0x2949		0x3e0000
1		1	1				1			0		0			0		0	1		0x294a		0x3e1000
1		1	1				1			0		0			0		0	1		0x294b		0x3e2000
1		1	1				1			0		0			0		0	1		0x294c		0x3e3000
1		1	1				1			0		0			0		0	1		0x294d		0x3e4000
1		1	1				1			0		0			0		0	1		0x294e		0x3e5000
1		1	1				1			0		0			0		0	1		0x294f		0x3e6000
1		1	1				1			0		0			0		0	1		0x2950		0x3e7000
1		1	1				1			0		0			0		0	1		0x2951		0x3e8000
1		1	1				1			0		0			0		0	1		0x2952		0x3e9000
1		1	1				1			0		0			0		0	1		0x2953		0x3ea000
1		1	1				1			0		0			0		0	1		0x2954		0x3eb000
1		1	1				1			0		0			0		0	1		0x2955		0x3ec000
1		1	1				1			0		0			0		0	1		0x2956		0x3ed000
1		1	1				1			0		0			0		0	1		0x2957		0x3ee000
1		1	1				1			0		0			0		0	1		0x2958		0x3ef000
1		1	1				1			0		0			0		0	1		0x2959		0x3f0000
1		1	1				1			0		0			0		0	1		0x295a		0x3f1000
1		1	1				1			0		0			0		0	1		0x295b		0x3f2000
1		1	1				1			0		0			0		0	1		0x295c		0x3f3000
1		1	1				1			0		0			0		0	1		0x295d		0x3f4000
1		1	1				1			0		0			0		0	1		0x295e		0x3f5000
1		1	1				1			0		0			0		0	1		0x295f		0x3f6000
1		1	1				1			0		0			0		0	1		0x2960		0x3f7000
1		1	1				1			0		0			0		0	1		0x2961		0x3f8000
1		1	1				1			0		0			0		0	1		0x2962		0x3f9000
1		1	1				1			0		0			0		0	1		0x2963		0x3fa000
1		1	1				1			0		0			0		0	1		0x2964		0x3fb000
1		1	1				1			0		0			0		0	1		0x2965		0x3fc000
1		1	1				1			0		0			0		0	1		0x2966		0x3fd000
1		1	1				1			0		0			0		0	1		0x2967		0x3fe000
1		1	1				1			0		0			0		0	1		0x2968		0x3ff000
